<?xml version="1.0" encoding="UTF-8"?>
<!-- Generated by org.testng.reporters.JUnitXMLReporter -->
<testsuite hostname="Muneebs-MacBook-Pro.local" ignored="0" name="Amazon Home" tests="3" failures="0" timestamp="2021-03-31T17:06:12 EDT" time="29.5" errors="0">
  <testcase name="testOne" time="4.992" classname="landingpage.TestOne"/>
  <testcase name="testTwo" time="0.015" classname="landingpage.TestTwo"/>
  <testcase name="testThree" time="6.213" classname="landingpage.TestThree"/>
</testsuite> <!-- Amazon Home -->
