<?xml version="1.0" encoding="UTF-8"?>
<testng-results skipped="0" failed="0" ignored="0" total="1" passed="1">
  <reporter-output>
  </reporter-output>
  <suite name="CNN Test Script" duration-ms="15636" started-at="2021-03-31T17:06:57 EDT" finished-at="2021-03-31T17:07:13 EDT">
    <groups>
    </groups>
    <test name="Amazon Home" duration-ms="15636" started-at="2021-03-31T17:06:57 EDT" finished-at="2021-03-31T17:07:13 EDT">
      <class name="homepage.NameOfTitle">
        <test-method status="PASS" signature="open(java.lang.String)[pri:0, instance:homepage.NameOfTitle@490ab905]" name="open" is-config="true" duration-ms="14334" started-at="2021-03-31T17:06:57 EDT" finished-at="2021-03-31T17:07:12 EDT">
          <params>
            <param index="0">
              <value>
                <![CDATA[https://www.cnn.com/]]>
              </value>
            </param>
          </params>
          <reporter-output>
          </reporter-output>
        </test-method> <!-- open -->
        <test-method status="PASS" signature="getTitle()[pri:0, instance:homepage.NameOfTitle@490ab905]" name="getTitle" duration-ms="1011" started-at="2021-03-31T17:07:12 EDT" finished-at="2021-03-31T17:07:13 EDT">
          <reporter-output>
          </reporter-output>
        </test-method> <!-- getTitle -->
        <test-method status="PASS" signature="close()[pri:0, instance:homepage.NameOfTitle@490ab905]" name="close" is-config="true" duration-ms="253" started-at="2021-03-31T17:07:13 EDT" finished-at="2021-03-31T17:07:13 EDT">
          <reporter-output>
          </reporter-output>
        </test-method> <!-- close -->
      </class> <!-- homepage.NameOfTitle -->
    </test> <!-- Amazon Home -->
  </suite> <!-- CNN Test Script -->
</testng-results>
