<?xml version="1.0" encoding="UTF-8"?>
<testng-results skipped="0" failed="0" ignored="0" total="2" passed="2">
  <reporter-output>
  </reporter-output>
  <suite name="Wikipedia Test Script" duration-ms="12878" started-at="2021-03-31T17:06:28 EDT" finished-at="2021-03-31T17:06:41 EDT">
    <groups>
    </groups>
    <test name="Wikipedia Home" duration-ms="12878" started-at="2021-03-31T17:06:28 EDT" finished-at="2021-03-31T17:06:41 EDT">
      <class name="homepage.EmpireState">
        <test-method status="PASS" signature="open(java.lang.String)[pri:0, instance:homepage.EmpireState@78c03f1f]" name="open" is-config="true" duration-ms="1863" started-at="2021-03-31T17:06:36 EDT" finished-at="2021-03-31T17:06:38 EDT">
          <params>
            <param index="0">
              <value>
                <![CDATA[https://en.wikipedia.org/wiki/Main_Page]]>
              </value>
            </param>
          </params>
          <reporter-output>
          </reporter-output>
        </test-method> <!-- open -->
        <test-method status="PASS" signature="empireState()[pri:0, instance:homepage.EmpireState@78c03f1f]" name="empireState" duration-ms="2970" started-at="2021-03-31T17:06:38 EDT" finished-at="2021-03-31T17:06:41 EDT">
          <reporter-output>
          </reporter-output>
        </test-method> <!-- empireState -->
        <test-method status="PASS" signature="close()[pri:0, instance:homepage.EmpireState@78c03f1f]" name="close" is-config="true" duration-ms="174" started-at="2021-03-31T17:06:41 EDT" finished-at="2021-03-31T17:06:41 EDT">
          <reporter-output>
          </reporter-output>
        </test-method> <!-- close -->
      </class> <!-- homepage.EmpireState -->
      <class name="homepage.MainPage">
        <test-method status="PASS" signature="open(java.lang.String)[pri:0, instance:homepage.MainPage@56ac3a89]" name="open" is-config="true" duration-ms="7719" started-at="2021-03-31T17:06:28 EDT" finished-at="2021-03-31T17:06:36 EDT">
          <params>
            <param index="0">
              <value>
                <![CDATA[https://en.wikipedia.org/wiki/Main_Page]]>
              </value>
            </param>
          </params>
          <reporter-output>
          </reporter-output>
        </test-method> <!-- open -->
        <test-method status="PASS" signature="title()[pri:0, instance:homepage.MainPage@56ac3a89]" name="title" duration-ms="6" started-at="2021-03-31T17:06:36 EDT" finished-at="2021-03-31T17:06:36 EDT">
          <reporter-output>
          </reporter-output>
        </test-method> <!-- title -->
        <test-method status="PASS" signature="close()[pri:0, instance:homepage.MainPage@56ac3a89]" name="close" is-config="true" duration-ms="118" started-at="2021-03-31T17:06:36 EDT" finished-at="2021-03-31T17:06:36 EDT">
          <reporter-output>
          </reporter-output>
        </test-method> <!-- close -->
      </class> <!-- homepage.MainPage -->
    </test> <!-- Wikipedia Home -->
  </suite> <!-- Wikipedia Test Script -->
</testng-results>
